<?xml version="1.0" encoding="UTF-8"?>
<testsuite name="com.zoo.animals.ZooControllerTest" tests="5" skipped="0" failures="0" errors="0" timestamp="2021-02-01T22:30:45" hostname="LAPTOP-S57OD5Q8" time="1.48">
  <properties/>
  <testcase name="viewAnimals()" classname="com.zoo.animals.ZooControllerTest" time="1.081"/>
  <testcase name="feedAnimals()" classname="com.zoo.animals.ZooControllerTest" time="0.162"/>
  <testcase name="placeAnimalInHabitat_compatibleHabitat()" classname="com.zoo.animals.ZooControllerTest" time="0.096"/>
  <testcase name="placeAnimalInHabitat_incompatibleHabitat()" classname="com.zoo.animals.ZooControllerTest" time="0.09"/>
  <testcase name="addAnimals()" classname="com.zoo.animals.ZooControllerTest" time="0.043"/>
  <system-out><![CDATA[16:30:33.094 [Test worker] DEBUG org.springframework.test.context.BootstrapUtils - Instantiating CacheAwareContextLoaderDelegate from class [org.springframework.test.context.cache.DefaultCacheAwareContextLoaderDelegate]
16:30:33.140 [Test worker] DEBUG org.springframework.test.context.BootstrapUtils - Instantiating BootstrapContext using constructor [public org.springframework.test.context.support.DefaultBootstrapContext(java.lang.Class,org.springframework.test.context.CacheAwareContextLoaderDelegate)]
16:30:33.256 [Test worker] DEBUG org.springframework.test.context.BootstrapUtils - Instantiating TestContextBootstrapper for test class [com.zoo.animals.ZooControllerTest] from class [org.springframework.boot.test.context.SpringBootTestContextBootstrapper]
16:30:33.290 [Test worker] INFO org.springframework.boot.test.context.SpringBootTestContextBootstrapper - Neither @ContextConfiguration nor @ContextHierarchy found for test class [com.zoo.animals.ZooControllerTest], using SpringBootContextLoader
16:30:33.311 [Test worker] DEBUG org.springframework.test.context.support.AbstractContextLoader - Did not detect default resource location for test class [com.zoo.animals.ZooControllerTest]: class path resource [com/zoo/animals/ZooControllerTest-context.xml] does not exist
16:30:33.312 [Test worker] DEBUG org.springframework.test.context.support.AbstractContextLoader - Did not detect default resource location for test class [com.zoo.animals.ZooControllerTest]: class path resource [com/zoo/animals/ZooControllerTestContext.groovy] does not exist
16:30:33.312 [Test worker] INFO org.springframework.test.context.support.AbstractContextLoader - Could not detect default resource locations for test class [com.zoo.animals.ZooControllerTest]: no resource found for suffixes {-context.xml, Context.groovy}.
16:30:33.314 [Test worker] INFO org.springframework.test.context.support.AnnotationConfigContextLoaderUtils - Could not detect default configuration classes for test class [com.zoo.animals.ZooControllerTest]: ZooControllerTest does not declare any static, non-private, non-final, nested classes annotated with @Configuration.
16:30:33.497 [Test worker] DEBUG org.springframework.test.context.support.ActiveProfilesUtils - Could not find an 'annotation declaring class' for annotation type [org.springframework.test.context.ActiveProfiles] and class [com.zoo.animals.ZooControllerTest]
16:30:33.683 [Test worker] DEBUG org.springframework.context.annotation.ClassPathScanningCandidateComponentProvider - Identified candidate component class: file [C:\Users\bhara\Documents\Galvanize\CryptoZoology\build\classes\java\main\com\zoo\animals\CryptoZoologyApplication.class]
16:30:33.727 [Test worker] INFO org.springframework.boot.test.context.SpringBootTestContextBootstrapper - Found @SpringBootConfiguration com.zoo.animals.CryptoZoologyApplication for test class com.zoo.animals.ZooControllerTest
16:30:34.047 [Test worker] DEBUG org.springframework.boot.test.context.SpringBootTestContextBootstrapper - @TestExecutionListeners is not present for class [com.zoo.animals.ZooControllerTest]: using defaults.
16:30:34.049 [Test worker] INFO org.springframework.boot.test.context.SpringBootTestContextBootstrapper - Loaded default TestExecutionListener class names from location [META-INF/spring.factories]: [org.springframework.boot.test.autoconfigure.restdocs.RestDocsTestExecutionListener, org.springframework.boot.test.autoconfigure.web.client.MockRestServiceServerResetTestExecutionListener, org.springframework.boot.test.autoconfigure.web.servlet.MockMvcPrintOnlyOnFailureTestExecutionListener, org.springframework.boot.test.autoconfigure.web.servlet.WebDriverTestExecutionListener, org.springframework.boot.test.autoconfigure.webservices.client.MockWebServiceServerTestExecutionListener, org.springframework.boot.test.mock.mockito.MockitoTestExecutionListener, org.springframework.boot.test.mock.mockito.ResetMocksTestExecutionListener, org.springframework.test.context.web.ServletTestExecutionListener, org.springframework.test.context.support.DirtiesContextBeforeModesTestExecutionListener, org.springframework.test.context.event.ApplicationEventsTestExecutionListener, org.springframework.test.context.support.DependencyInjectionTestExecutionListener, org.springframework.test.context.support.DirtiesContextTestExecutionListener, org.springframework.test.context.transaction.TransactionalTestExecutionListener, org.springframework.test.context.jdbc.SqlScriptsTestExecutionListener, org.springframework.test.context.event.EventPublishingTestExecutionListener]
16:30:34.125 [Test worker] INFO org.springframework.boot.test.context.SpringBootTestContextBootstrapper - Using TestExecutionListeners: [org.springframework.test.context.web.ServletTestExecutionListener@4a815c42, org.springframework.test.context.support.DirtiesContextBeforeModesTestExecutionListener@f7f8d5a, org.springframework.test.context.event.ApplicationEventsTestExecutionListener@344d7264, org.springframework.boot.test.mock.mockito.MockitoTestExecutionListener@3b41f378, org.springframework.boot.test.autoconfigure.SpringBootDependencyInjectionTestExecutionListener@7be2db1e, org.springframework.test.context.support.DirtiesContextTestExecutionListener@8848c65, org.springframework.test.context.transaction.TransactionalTestExecutionListener@57851143, org.springframework.test.context.jdbc.SqlScriptsTestExecutionListener@636bf2f8, org.springframework.test.context.event.EventPublishingTestExecutionListener@ebcefa0, org.springframework.boot.test.autoconfigure.restdocs.RestDocsTestExecutionListener@22f7bdb6, org.springframework.boot.test.autoconfigure.web.client.MockRestServiceServerResetTestExecutionListener@5d87bfa2, org.springframework.boot.test.autoconfigure.web.servlet.MockMvcPrintOnlyOnFailureTestExecutionListener@61477ad8, org.springframework.boot.test.autoconfigure.web.servlet.WebDriverTestExecutionListener@8ef58bf, org.springframework.boot.test.autoconfigure.webservices.client.MockWebServiceServerTestExecutionListener@176a4e19, org.springframework.boot.test.mock.mockito.ResetMocksTestExecutionListener@777089f9]
16:30:34.136 [Test worker] DEBUG org.springframework.test.context.support.AbstractDirtiesContextTestExecutionListener - Before test class: context [DefaultTestContext@148d82da testClass = ZooControllerTest, testInstance = [null], testMethod = [null], testException = [null], mergedContextConfiguration = [WebMergedContextConfiguration@55763940 testClass = ZooControllerTest, locations = '{}', classes = '{class com.zoo.animals.CryptoZoologyApplication}', contextInitializerClasses = '[]', activeProfiles = '{}', propertySourceLocations = '{}', propertySourceProperties = '{org.springframework.boot.test.context.SpringBootTestContextBootstrapper=true}', contextCustomizers = set[org.springframework.boot.test.autoconfigure.actuate.metrics.MetricsExportContextCustomizerFactory$DisableMetricExportContextCustomizer@21eb57e7, org.springframework.boot.test.autoconfigure.properties.PropertyMappingContextCustomizer@4b3fa0b3, org.springframework.boot.test.autoconfigure.web.servlet.WebDriverContextCustomizerFactory$Customizer@10c302d0, [ImportsContextCustomizer@3d7f5e0f key = [org.springframework.boot.test.autoconfigure.web.servlet.MockMvcAutoConfiguration, org.springframework.boot.test.autoconfigure.web.servlet.MockMvcWebClientAutoConfiguration, org.springframework.boot.test.autoconfigure.web.servlet.MockMvcWebDriverAutoConfiguration, org.springframework.boot.autoconfigure.security.oauth2.client.servlet.OAuth2ClientAutoConfiguration, org.springframework.boot.autoconfigure.security.oauth2.resource.servlet.OAuth2ResourceServerAutoConfiguration, org.springframework.boot.autoconfigure.security.servlet.SecurityAutoConfiguration, org.springframework.boot.autoconfigure.security.servlet.SecurityFilterAutoConfiguration, org.springframework.boot.autoconfigure.security.servlet.UserDetailsServiceAutoConfiguration, org.springframework.boot.test.autoconfigure.web.servlet.MockMvcSecurityConfiguration]], org.springframework.boot.test.context.filter.ExcludeFilterContextCustomizer@ed561ef, org.springframework.boot.test.json.DuplicateJsonObjectContextCustomizerFactory$DuplicateJsonObjectContextCustomizer@631aa1fc, org.springframework.boot.test.mock.mockito.MockitoContextCustomizer@0, org.springframework.boot.test.web.client.TestRestTemplateContextCustomizer@17803359, org.springframework.boot.test.context.SpringBootTestArgs@1, org.springframework.boot.test.context.SpringBootTestWebEnvironment@344b0695], resourceBasePath = 'src/main/webapp', contextLoader = 'org.springframework.boot.test.context.SpringBootContextLoader', parent = [null]], attributes = map['org.springframework.test.context.web.ServletTestExecutionListener.activateListener' -> true]], class annotated with @DirtiesContext [false] with mode [null].
16:30:34.223 [Test worker] DEBUG org.springframework.test.context.support.TestPropertySourceUtils - Adding inlined properties to environment: {spring.jmx.enabled=false, org.springframework.boot.test.context.SpringBootTestContextBootstrapper=true}

  .   ____          _            __ _ _
 /\\ / ___'_ __ _ _(_)_ __  __ _ \ \ \ \
( ( )\___ | '_ | '_| | '_ \/ _` | \ \ \ \
 \\/  ___)| |_)| | | | | || (_| |  ) ) ) )
  '  |____| .__|_| |_|_| |_\__, | / / / /
 =========|_|==============|___/=/_/_/_/
 :: Spring Boot ::                (v2.4.2)

2021-02-01 16:30:34.973  INFO 19756 --- [    Test worker] com.zoo.animals.ZooControllerTest        : Starting ZooControllerTest using Java 11.0.10 on LAPTOP-S57OD5Q8 with PID 19756 (started by bhara in C:\Users\bhara\Documents\Galvanize\CryptoZoology)
2021-02-01 16:30:35.005  INFO 19756 --- [    Test worker] com.zoo.animals.ZooControllerTest        : No active profile set, falling back to default profiles: default
2021-02-01 16:30:36.705  INFO 19756 --- [    Test worker] .s.d.r.c.RepositoryConfigurationDelegate : Bootstrapping Spring Data JPA repositories in DEFAULT mode.
2021-02-01 16:30:36.886  INFO 19756 --- [    Test worker] .s.d.r.c.RepositoryConfigurationDelegate : Finished Spring Data repository scanning in 158 ms. Found 2 JPA repository interfaces.
2021-02-01 16:30:38.383  INFO 19756 --- [    Test worker] com.zaxxer.hikari.HikariDataSource       : HikariPool-1 - Starting...
2021-02-01 16:30:38.853  INFO 19756 --- [    Test worker] com.zaxxer.hikari.HikariDataSource       : HikariPool-1 - Start completed.
2021-02-01 16:30:39.083  INFO 19756 --- [    Test worker] o.hibernate.jpa.internal.util.LogHelper  : HHH000204: Processing PersistenceUnitInfo [name: default]
2021-02-01 16:30:39.201  INFO 19756 --- [    Test worker] org.hibernate.Version                    : HHH000412: Hibernate ORM core version 5.4.27.Final
2021-02-01 16:30:39.481  INFO 19756 --- [    Test worker] o.hibernate.annotations.common.Version   : HCANN000001: Hibernate Commons Annotations {5.1.2.Final}
2021-02-01 16:30:39.937  INFO 19756 --- [    Test worker] org.hibernate.dialect.Dialect            : HHH000400: Using dialect: org.hibernate.dialect.H2Dialect
2021-02-01 16:30:41.027  INFO 19756 --- [    Test worker] o.h.e.t.j.p.i.JtaPlatformInitiator       : HHH000490: Using JtaPlatform implementation: [org.hibernate.engine.transaction.jta.platform.internal.NoJtaPlatform]
2021-02-01 16:30:41.044  INFO 19756 --- [    Test worker] j.LocalContainerEntityManagerFactoryBean : Initialized JPA EntityManagerFactory for persistence unit 'default'
2021-02-01 16:30:42.833  WARN 19756 --- [    Test worker] JpaBaseConfiguration$JpaWebConfiguration : spring.jpa.open-in-view is enabled by default. Therefore, database queries may be performed during view rendering. Explicitly configure spring.jpa.open-in-view to disable this warning
2021-02-01 16:30:43.627  INFO 19756 --- [    Test worker] o.s.s.concurrent.ThreadPoolTaskExecutor  : Initializing ExecutorService 'applicationTaskExecutor'
2021-02-01 16:30:44.943  INFO 19756 --- [    Test worker] o.s.b.t.m.w.SpringBootMockServletContext : Initializing Spring TestDispatcherServlet ''
2021-02-01 16:30:44.943  INFO 19756 --- [    Test worker] o.s.t.web.servlet.TestDispatcherServlet  : Initializing Servlet ''
2021-02-01 16:30:44.945  INFO 19756 --- [    Test worker] o.s.t.web.servlet.TestDispatcherServlet  : Completed initialization in 2 ms
2021-02-01 16:30:45.006  INFO 19756 --- [    Test worker] com.zoo.animals.ZooControllerTest        : Started ZooControllerTest in 10.76 seconds (JVM running for 14.179)
]]></system-out>
  <system-err><![CDATA[]]></system-err>
</testsuite>
