<?xml version="1.0" encoding="UTF-8"?>
<testsuite name="com.zoo.animals.ZooControllerTest" tests="1" skipped="0" failures="0" errors="0" timestamp="2021-02-02T16:37:20" hostname="LAPTOP-S57OD5Q8" time="0.964">
  <properties/>
  <testcase name="addAnimals()" classname="com.zoo.animals.ZooControllerTest" time="0.964"/>
  <system-out><![CDATA[10:37:06.505 [Test worker] DEBUG org.springframework.test.context.BootstrapUtils - Instantiating CacheAwareContextLoaderDelegate from class [org.springframework.test.context.cache.DefaultCacheAwareContextLoaderDelegate]
10:37:06.547 [Test worker] DEBUG org.springframework.test.context.BootstrapUtils - Instantiating BootstrapContext using constructor [public org.springframework.test.context.support.DefaultBootstrapContext(java.lang.Class,org.springframework.test.context.CacheAwareContextLoaderDelegate)]
10:37:06.670 [Test worker] DEBUG org.springframework.test.context.BootstrapUtils - Instantiating TestContextBootstrapper for test class [com.zoo.animals.ZooControllerTest] from class [org.springframework.boot.test.context.SpringBootTestContextBootstrapper]
10:37:06.723 [Test worker] INFO org.springframework.boot.test.context.SpringBootTestContextBootstrapper - Neither @ContextConfiguration nor @ContextHierarchy found for test class [com.zoo.animals.ZooControllerTest], using SpringBootContextLoader
10:37:06.733 [Test worker] DEBUG org.springframework.test.context.support.AbstractContextLoader - Did not detect default resource location for test class [com.zoo.animals.ZooControllerTest]: class path resource [com/zoo/animals/ZooControllerTest-context.xml] does not exist
10:37:06.734 [Test worker] DEBUG org.springframework.test.context.support.AbstractContextLoader - Did not detect default resource location for test class [com.zoo.animals.ZooControllerTest]: class path resource [com/zoo/animals/ZooControllerTestContext.groovy] does not exist
10:37:06.734 [Test worker] INFO org.springframework.test.context.support.AbstractContextLoader - Could not detect default resource locations for test class [com.zoo.animals.ZooControllerTest]: no resource found for suffixes {-context.xml, Context.groovy}.
10:37:06.736 [Test worker] INFO org.springframework.test.context.support.AnnotationConfigContextLoaderUtils - Could not detect default configuration classes for test class [com.zoo.animals.ZooControllerTest]: ZooControllerTest does not declare any static, non-private, non-final, nested classes annotated with @Configuration.
10:37:06.905 [Test worker] DEBUG org.springframework.test.context.support.ActiveProfilesUtils - Could not find an 'annotation declaring class' for annotation type [org.springframework.test.context.ActiveProfiles] and class [com.zoo.animals.ZooControllerTest]
10:37:07.158 [Test worker] DEBUG org.springframework.context.annotation.ClassPathScanningCandidateComponentProvider - Identified candidate component class: file [C:\Users\bhara\Documents\Galvanize\CryptoZoology\build\classes\java\main\com\zoo\animals\CryptoZoologyApplication.class]
10:37:07.220 [Test worker] INFO org.springframework.boot.test.context.SpringBootTestContextBootstrapper - Found @SpringBootConfiguration com.zoo.animals.CryptoZoologyApplication for test class com.zoo.animals.ZooControllerTest
10:37:07.605 [Test worker] DEBUG org.springframework.boot.test.context.SpringBootTestContextBootstrapper - @TestExecutionListeners is not present for class [com.zoo.animals.ZooControllerTest]: using defaults.
10:37:07.606 [Test worker] INFO org.springframework.boot.test.context.SpringBootTestContextBootstrapper - Loaded default TestExecutionListener class names from location [META-INF/spring.factories]: [org.springframework.boot.test.autoconfigure.restdocs.RestDocsTestExecutionListener, org.springframework.boot.test.autoconfigure.web.client.MockRestServiceServerResetTestExecutionListener, org.springframework.boot.test.autoconfigure.web.servlet.MockMvcPrintOnlyOnFailureTestExecutionListener, org.springframework.boot.test.autoconfigure.web.servlet.WebDriverTestExecutionListener, org.springframework.boot.test.autoconfigure.webservices.client.MockWebServiceServerTestExecutionListener, org.springframework.boot.test.mock.mockito.MockitoTestExecutionListener, org.springframework.boot.test.mock.mockito.ResetMocksTestExecutionListener, org.springframework.test.context.web.ServletTestExecutionListener, org.springframework.test.context.support.DirtiesContextBeforeModesTestExecutionListener, org.springframework.test.context.event.ApplicationEventsTestExecutionListener, org.springframework.test.context.support.DependencyInjectionTestExecutionListener, org.springframework.test.context.support.DirtiesContextTestExecutionListener, org.springframework.test.context.transaction.TransactionalTestExecutionListener, org.springframework.test.context.jdbc.SqlScriptsTestExecutionListener, org.springframework.test.context.event.EventPublishingTestExecutionListener]
10:37:07.672 [Test worker] INFO org.springframework.boot.test.context.SpringBootTestContextBootstrapper - Using TestExecutionListeners: [org.springframework.test.context.web.ServletTestExecutionListener@1a311d8b, org.springframework.test.context.support.DirtiesContextBeforeModesTestExecutionListener@6f9e7edd, org.springframework.test.context.event.ApplicationEventsTestExecutionListener@797a3949, org.springframework.boot.test.mock.mockito.MockitoTestExecutionListener@787febcf, org.springframework.boot.test.autoconfigure.SpringBootDependencyInjectionTestExecutionListener@6a307c0e, org.springframework.test.context.support.DirtiesContextTestExecutionListener@76449f03, org.springframework.test.context.transaction.TransactionalTestExecutionListener@5e5c40f3, org.springframework.test.context.jdbc.SqlScriptsTestExecutionListener@59faf964, org.springframework.test.context.event.EventPublishingTestExecutionListener@30433e59, org.springframework.boot.test.autoconfigure.restdocs.RestDocsTestExecutionListener@622d13d5, org.springframework.boot.test.autoconfigure.web.client.MockRestServiceServerResetTestExecutionListener@5eca9cbb, org.springframework.boot.test.autoconfigure.web.servlet.MockMvcPrintOnlyOnFailureTestExecutionListener@50f56fdf, org.springframework.boot.test.autoconfigure.web.servlet.WebDriverTestExecutionListener@79ed326e, org.springframework.boot.test.autoconfigure.webservices.client.MockWebServiceServerTestExecutionListener@7354353d, org.springframework.boot.test.mock.mockito.ResetMocksTestExecutionListener@79f150a8]
10:37:07.680 [Test worker] DEBUG org.springframework.test.context.support.AbstractDirtiesContextTestExecutionListener - Before test class: context [DefaultTestContext@36b90d9 testClass = ZooControllerTest, testInstance = [null], testMethod = [null], testException = [null], mergedContextConfiguration = [WebMergedContextConfiguration@10071b75 testClass = ZooControllerTest, locations = '{}', classes = '{class com.zoo.animals.CryptoZoologyApplication}', contextInitializerClasses = '[]', activeProfiles = '{}', propertySourceLocations = '{}', propertySourceProperties = '{org.springframework.boot.test.context.SpringBootTestContextBootstrapper=true}', contextCustomizers = set[org.springframework.boot.test.autoconfigure.actuate.metrics.MetricsExportContextCustomizerFactory$DisableMetricExportContextCustomizer@5947d1c, org.springframework.boot.test.autoconfigure.properties.PropertyMappingContextCustomizer@4b3fa0b3, org.springframework.boot.test.autoconfigure.web.servlet.WebDriverContextCustomizerFactory$Customizer@2735ffb4, [ImportsContextCustomizer@3407ea1a key = [org.springframework.boot.test.autoconfigure.web.servlet.MockMvcAutoConfiguration, org.springframework.boot.test.autoconfigure.web.servlet.MockMvcWebClientAutoConfiguration, org.springframework.boot.test.autoconfigure.web.servlet.MockMvcWebDriverAutoConfiguration, org.springframework.boot.autoconfigure.security.oauth2.client.servlet.OAuth2ClientAutoConfiguration, org.springframework.boot.autoconfigure.security.oauth2.resource.servlet.OAuth2ResourceServerAutoConfiguration, org.springframework.boot.autoconfigure.security.servlet.SecurityAutoConfiguration, org.springframework.boot.autoconfigure.security.servlet.SecurityFilterAutoConfiguration, org.springframework.boot.autoconfigure.security.servlet.UserDetailsServiceAutoConfiguration, org.springframework.boot.test.autoconfigure.web.servlet.MockMvcSecurityConfiguration]], org.springframework.boot.test.context.filter.ExcludeFilterContextCustomizer@19b2edf9, org.springframework.boot.test.json.DuplicateJsonObjectContextCustomizerFactory$DuplicateJsonObjectContextCustomizer@68fd118, org.springframework.boot.test.mock.mockito.MockitoContextCustomizer@0, org.springframework.boot.test.web.client.TestRestTemplateContextCustomizer@6a8b104a, org.springframework.boot.test.context.SpringBootTestArgs@1, org.springframework.boot.test.context.SpringBootTestWebEnvironment@345444d6], resourceBasePath = 'src/main/webapp', contextLoader = 'org.springframework.boot.test.context.SpringBootContextLoader', parent = [null]], attributes = map['org.springframework.test.context.web.ServletTestExecutionListener.activateListener' -> true]], class annotated with @DirtiesContext [false] with mode [null].
10:37:07.781 [Test worker] DEBUG org.springframework.test.context.support.TestPropertySourceUtils - Adding inlined properties to environment: {spring.jmx.enabled=false, org.springframework.boot.test.context.SpringBootTestContextBootstrapper=true}

  .   ____          _            __ _ _
 /\\ / ___'_ __ _ _(_)_ __  __ _ \ \ \ \
( ( )\___ | '_ | '_| | '_ \/ _` | \ \ \ \
 \\/  ___)| |_)| | | | | || (_| |  ) ) ) )
  '  |____| .__|_| |_|_| |_\__, | / / / /
 =========|_|==============|___/=/_/_/_/
 :: Spring Boot ::                (v2.4.2)

2021-02-02 10:37:08.587  INFO 14028 --- [    Test worker] com.zoo.animals.ZooControllerTest        : Starting ZooControllerTest using Java 11.0.10 on LAPTOP-S57OD5Q8 with PID 14028 (started by bhara in C:\Users\bhara\Documents\Galvanize\CryptoZoology)
2021-02-02 10:37:08.597  INFO 14028 --- [    Test worker] com.zoo.animals.ZooControllerTest        : No active profile set, falling back to default profiles: default
2021-02-02 10:37:10.655  INFO 14028 --- [    Test worker] .s.d.r.c.RepositoryConfigurationDelegate : Bootstrapping Spring Data JPA repositories in DEFAULT mode.
2021-02-02 10:37:10.770  INFO 14028 --- [    Test worker] .s.d.r.c.RepositoryConfigurationDelegate : Finished Spring Data repository scanning in 101 ms. Found 2 JPA repository interfaces.
2021-02-02 10:37:12.147  INFO 14028 --- [    Test worker] com.zaxxer.hikari.HikariDataSource       : HikariPool-1 - Starting...
2021-02-02 10:37:12.667  INFO 14028 --- [    Test worker] com.zaxxer.hikari.HikariDataSource       : HikariPool-1 - Start completed.
2021-02-02 10:37:12.932  INFO 14028 --- [    Test worker] o.hibernate.jpa.internal.util.LogHelper  : HHH000204: Processing PersistenceUnitInfo [name: default]
2021-02-02 10:37:13.103  INFO 14028 --- [    Test worker] org.hibernate.Version                    : HHH000412: Hibernate ORM core version 5.4.27.Final
2021-02-02 10:37:13.505  INFO 14028 --- [    Test worker] o.hibernate.annotations.common.Version   : HCANN000001: Hibernate Commons Annotations {5.1.2.Final}
2021-02-02 10:37:14.048  INFO 14028 --- [    Test worker] org.hibernate.dialect.Dialect            : HHH000400: Using dialect: org.hibernate.dialect.H2Dialect
2021-02-02 10:37:15.337  INFO 14028 --- [    Test worker] o.h.e.t.j.p.i.JtaPlatformInitiator       : HHH000490: Using JtaPlatform implementation: [org.hibernate.engine.transaction.jta.platform.internal.NoJtaPlatform]
2021-02-02 10:37:15.353  INFO 14028 --- [    Test worker] j.LocalContainerEntityManagerFactoryBean : Initialized JPA EntityManagerFactory for persistence unit 'default'
2021-02-02 10:37:17.734  WARN 14028 --- [    Test worker] JpaBaseConfiguration$JpaWebConfiguration : spring.jpa.open-in-view is enabled by default. Therefore, database queries may be performed during view rendering. Explicitly configure spring.jpa.open-in-view to disable this warning
2021-02-02 10:37:18.705  INFO 14028 --- [    Test worker] o.s.s.concurrent.ThreadPoolTaskExecutor  : Initializing ExecutorService 'applicationTaskExecutor'
2021-02-02 10:37:18.956  INFO 14028 --- [    Test worker] o.s.b.a.h2.H2ConsoleAutoConfiguration    : H2 console available at '/h2-console'. Database available at 'jdbc:h2:mem:7b7bdd84-0d0d-4dd9-9c7e-f76199795f81'
2021-02-02 10:37:20.359  INFO 14028 --- [    Test worker] o.s.b.t.m.w.SpringBootMockServletContext : Initializing Spring TestDispatcherServlet ''
2021-02-02 10:37:20.361  INFO 14028 --- [    Test worker] o.s.t.web.servlet.TestDispatcherServlet  : Initializing Servlet ''
2021-02-02 10:37:20.366  INFO 14028 --- [    Test worker] o.s.t.web.servlet.TestDispatcherServlet  : Completed initialization in 5 ms
2021-02-02 10:37:20.455  INFO 14028 --- [    Test worker] com.zoo.animals.ZooControllerTest        : Started ZooControllerTest in 12.643 seconds (JVM running for 16.36)
{"name":"Fish","type":"swimming","treat":false,"habitat":null}
]]></system-out>
  <system-err><![CDATA[]]></system-err>
</testsuite>
