<?xml version="1.0" encoding="UTF-8"?>
<testsuite name="com.zoo.animals.ZooServiceTest" tests="2" skipped="0" failures="0" errors="0" timestamp="2021-02-01T20:03:59" hostname="LAPTOP-S57OD5Q8" time="1.791">
  <properties/>
  <testcase name="addAnimal()" classname="com.zoo.animals.ZooServiceTest" time="1.75"/>
  <testcase name="getAllAnimals()" classname="com.zoo.animals.ZooServiceTest" time="0.03"/>
  <system-out><![CDATA[]]></system-out>
  <system-err><![CDATA[]]></system-err>
</testsuite>
